<?xml version="1.0" encoding="UTF-8"?>
<testng-results skipped="0" failed="0" ignored="0" total="1" passed="1">
  <reporter-output>
  </reporter-output>
  <suite name="Suite" duration-ms="71451" started-at="2023-04-11T12:36:03Z" finished-at="2023-04-11T12:37:15Z">
    <groups>
      <group name="cucumber">
        <method signature="AbstractTestNGCucumberTests.runScenario(io.cucumber.testng.PickleEventWrapper, io.cucumber.testng.CucumberFeatureWrapper)[pri:0, instance:runner.TestRuner@490ab905]" name="runScenario" class="io.cucumber.testng.AbstractTestNGCucumberTests"/>
      </group> <!-- cucumber -->
    </groups>
    <test name="Test" duration-ms="71451" started-at="2023-04-11T12:36:03Z" finished-at="2023-04-11T12:37:15Z">
      <class name="runner.TestRuner">
        <test-method status="PASS" signature="setUpClass()[pri:0, instance:runner.TestRuner@490ab905]" name="setUpClass" is-config="true" duration-ms="403" started-at="2023-04-11T12:36:03Z" finished-at="2023-04-11T12:36:04Z">
          <reporter-output>
          </reporter-output>
        </test-method> <!-- setUpClass -->
        <test-method status="PASS" signature="runScenario(io.cucumber.testng.PickleEventWrapper, io.cucumber.testng.CucumberFeatureWrapper)[pri:0, instance:runner.TestRuner@490ab905]" name="runScenario" duration-ms="70764" started-at="2023-04-11T12:36:04Z" description="Runs Cucumber Scenarios" data-provider="scenarios" finished-at="2023-04-11T12:37:15Z">
          <params>
            <param index="0">
              <value>
                <![CDATA["Invalid login-To login with invalid details"]]>
              </value>
            </param>
            <param index="1">
              <value>
                <![CDATA["To validate the login functionality of facebook application"]]>
              </value>
            </param>
          </params>
          <reporter-output>
          </reporter-output>
        </test-method> <!-- runScenario -->
        <test-method status="PASS" signature="tearDownClass()[pri:0, instance:runner.TestRuner@490ab905]" name="tearDownClass" is-config="true" duration-ms="12" started-at="2023-04-11T12:37:15Z" finished-at="2023-04-11T12:37:15Z">
          <reporter-output>
          </reporter-output>
        </test-method> <!-- tearDownClass -->
      </class> <!-- runner.TestRuner -->
    </test> <!-- Test -->
  </suite> <!-- Suite -->
</testng-results>
